<?xml version="1.0" encoding="UTF-8"?>
<testng-results ignored="0" total="1" passed="1" failed="0" skipped="0">
  <reporter-output>
  </reporter-output>
  <suite started-at="2024-07-10T00:41:21 BDT" name="Default suite" finished-at="2024-07-10T00:41:42 BDT" duration-ms="21261">
    <groups>
    </groups>
    <test started-at="2024-07-10T00:41:21 BDT" name="Default test" finished-at="2024-07-10T00:41:42 BDT" duration-ms="21261">
      <class name="com.niaz.testing_1.LocatorExample">
        <test-method is-config="true" signature="start()[pri:0, instance:com.niaz.testing_1.LocatorExample@3646a422]" started-at="2024-07-10T00:41:18 BDT" name="start" finished-at="2024-07-10T00:41:21 BDT" duration-ms="2593" status="PASS">
          <reporter-output>
          </reporter-output>
        </test-method> <!-- start -->
        <test-method signature="locatorExample()[pri:0, instance:com.niaz.testing_1.LocatorExample@3646a422]" started-at="2024-07-10T00:41:21 BDT" name="locatorExample" finished-at="2024-07-10T00:41:42 BDT" duration-ms="21203" status="PASS">
          <reporter-output>
          </reporter-output>
        </test-method> <!-- locatorExample -->
        <test-method is-config="true" signature="close()[pri:0, instance:com.niaz.testing_1.LocatorExample@3646a422]" started-at="2024-07-10T00:41:42 BDT" name="close" finished-at="2024-07-10T00:41:42 BDT" duration-ms="276" status="PASS">
          <reporter-output>
          </reporter-output>
        </test-method> <!-- close -->
      </class> <!-- com.niaz.testing_1.LocatorExample -->
    </test> <!-- Default test -->
  </suite> <!-- Default suite -->
</testng-results>
