<?xml version="1.0" encoding="UTF-8"?>
<testng-results ignored="0" total="1" passed="1" failed="0" skipped="0">
  <reporter-output>
  </reporter-output>
  <suite started-at="2024-07-09T01:51:30 BDT" name="Default suite" finished-at="2024-07-09T01:51:40 BDT" duration-ms="9438">
    <groups>
    </groups>
    <test started-at="2024-07-09T01:51:30 BDT" name="Default test" finished-at="2024-07-09T01:51:40 BDT" duration-ms="9438">
      <class name="com.niaz.testing_1.first_test">
        <test-method is-config="true" signature="start()[pri:0, instance:com.niaz.testing_1.first_test@3646a422]" started-at="2024-07-09T01:51:28 BDT" name="start" finished-at="2024-07-09T01:51:30 BDT" duration-ms="2602" status="PASS">
          <reporter-output>
          </reporter-output>
        </test-method> <!-- start -->
        <test-method signature="first_test()[pri:0, instance:com.niaz.testing_1.first_test@3646a422]" started-at="2024-07-09T01:51:30 BDT" name="first_test" finished-at="2024-07-09T01:51:40 BDT" duration-ms="9370" status="PASS">
          <reporter-output>
          </reporter-output>
        </test-method> <!-- first_test -->
        <test-method is-config="true" signature="close()[pri:0, instance:com.niaz.testing_1.first_test@3646a422]" started-at="2024-07-09T01:51:40 BDT" name="close" finished-at="2024-07-09T01:51:40 BDT" duration-ms="296" status="PASS">
          <reporter-output>
          </reporter-output>
        </test-method> <!-- close -->
      </class> <!-- com.niaz.testing_1.first_test -->
    </test> <!-- Default test -->
  </suite> <!-- Default suite -->
</testng-results>
